INFO, 2019-12-04_16:57:03, func(main), [34mSTART[0m, search: deptdefence, type: at, ascii: %40, max_id: -1, since_id: -1
INFO, 2019-12-04_16:57:03, func(APICall), [34mSTART[0m, search: deptdefence, type: at, ascii: %40, max_id: -1, since_id: -1
INFO, 2019-12-04_16:57:04, func(APICall), [93m1 of 8[0m, [93mlen: 100[0m, max_id: 1202104134977110000, next_id: -1, since_id: 0
INFO, 2019-12-04_16:57:06, func(APICall), [93m2 of 8[0m, [93mlen: 100[0m, max_id: 1201830547422507000, next_id: 1201830547422507000, since_id: 0
INFO, 2019-12-04_16:57:07, func(APICall), [93m3 of 8[0m, [93mlen: 100[0m, max_id: 1201728608873500700, next_id: 1201728608873500700, since_id: 0
INFO, 2019-12-04_16:57:09, func(APICall), [93m4 of 8[0m, [93mlen: 91[0m, max_id: 1201600446571450400, next_id: 1201600446571450400, since_id: 0
INFO, 2019-12-04_16:57:11, func(APICall), [93m5 of 8[0m, [93mlen: 100[0m, max_id: 1200903418786787300, next_id: 1200903418786787300, since_id: 0
INFO, 2019-12-04_16:57:12, func(APICall), [93m6 of 8[0m, [93mlen: 100[0m, max_id: 1200259616384409600, next_id: 1200259616384409600, since_id: 0
INFO, 2019-12-04_16:57:14, func(APICall), [93m7 of 8[0m, [93mlen: 100[0m, max_id: 1199840309137428500, next_id: 1199840309137428500, since_id: 0
INFO, 2019-12-04_16:57:15, func(APICall), [93m8 of 8[0m, [93mlen: 31[0m, max_id: 1199139781688447000, next_id: 1199139781688447000, since_id: 0
INFO, 2019-12-04_16:57:15, func(APICall), [31mEND[0m, search: deptdefence, type: at, ascii: %40
INFO, 2019-12-04_16:57:15, func(loopJSONs), [34mSTART[0m, search: deptdefence, type: at
INFO, 2019-12-04_16:57:15, func(createCSV), search_string: deptdefence, [93mi: 1[0m
INFO, 2019-12-04_16:57:16, func(createCSV), transposing mentions
INFO, 2019-12-04_16:58:00, func(createCSV), 100 total lines transposed
INFO, 2019-12-04_16:58:00, func(createCSV), search_string: deptdefence, [93mi: 2[0m
INFO, 2019-12-04_16:58:01, func(createCSV), transposing mentions
INFO, 2019-12-04_16:58:17, func(createCSV), 100 total lines transposed
INFO, 2019-12-04_16:58:17, func(createCSV), search_string: deptdefence, [93mi: 3[0m
INFO, 2019-12-04_16:58:17, func(createCSV), transposing mentions
INFO, 2019-12-04_16:58:30, func(createCSV), 100 total lines transposed
INFO, 2019-12-04_16:58:30, func(createCSV), search_string: deptdefence, [93mi: 4[0m
INFO, 2019-12-04_16:58:30, func(createCSV), transposing mentions
INFO, 2019-12-04_16:58:49, func(createCSV), 91 total lines transposed
INFO, 2019-12-04_16:58:49, func(createCSV), search_string: deptdefence, [93mi: 5[0m
INFO, 2019-12-04_16:58:49, func(createCSV), transposing mentions
INFO, 2019-12-04_16:59:11, func(createCSV), 100 total lines transposed
INFO, 2019-12-04_16:59:11, func(createCSV), search_string: deptdefence, [93mi: 6[0m
INFO, 2019-12-04_16:59:11, func(createCSV), transposing mentions
INFO, 2019-12-04_16:59:31, func(createCSV), 100 total lines transposed
INFO, 2019-12-04_16:59:31, func(createCSV), search_string: deptdefence, [93mi: 7[0m
INFO, 2019-12-04_16:59:31, func(createCSV), transposing mentions
INFO, 2019-12-04_16:59:50, func(createCSV), 100 total lines transposed
INFO, 2019-12-04_16:59:50, func(createCSV), search_string: deptdefence, [93mi: 8[0m
INFO, 2019-12-04_16:59:50, func(createCSV), transposing mentions
INFO, 2019-12-04_16:59:55, func(createCSV), 31 total lines transposed
INFO, 2019-12-04_16:59:55, func(loopJSONs), [31mEND[0m, search: deptdefence, type: at
INFO, 2019-12-04_16:59:55, func(main), [31mEND[0m, search: deptdefence, type: at, ascii: %40, max_id: 1199139781688447000, since_id: 0
